\BOOKMARK [0][-]{chapter.1}{\376\377\000I\000n\000t\000r\000o\000d\000u\000c\000c\000i\000\363\000n}{}% 1
\BOOKMARK [1][-]{section.1.1}{\376\377\000O\000b\000j\000e\000t\000i\000v\000o}{chapter.1}% 2
\BOOKMARK [1][-]{section.1.2}{\376\377\000O\000b\000j\000e\000t\000i\000v\000o\000s\000\040\000p\000a\000r\000c\000i\000a\000l\000e\000s}{chapter.1}% 3
\BOOKMARK [1][-]{section.1.3}{\376\377\000M\000e\000t\000o\000d\000o\000l\000o\000g\000\355\000a\000\040\000d\000e\000\040\000T\000r\000a\000b\000a\000j\000o}{chapter.1}% 4
\BOOKMARK [0][-]{chapter.2}{\376\377\000A\000n\000t\000i\000p\000a\000t\000r\000\363\000n\000\040\000d\000e\000\040\000V\000u\000l\000n\000e\000r\000a\000b\000i\000l\000i\000d\000a\000d\000e\000s}{}% 5
\BOOKMARK [1][-]{section.2.1}{\376\377\000D\000e\000f\000i\000n\000i\000c\000i\000o\000n\000e\000s}{chapter.2}% 6
\BOOKMARK [1][-]{section.2.2}{\376\377\000P\000e\000r\000s\000p\000e\000c\000t\000i\000v\000a\000\040\000d\000e\000\040\000l\000o\000s\000\040\000a\000n\000t\000i\000p\000a\000t\000r\000o\000n\000e\000s\000\040\000p\000a\000r\000a\000\040\000d\000e\000s\000a\000r\000r\000o\000l\000l\000a\000d\000o\000r\000e\000s\000\040\000d\000e\000\040\000S\000o\000f\000t\000w\000a\000r\000e}{chapter.2}% 7
\BOOKMARK [1][-]{section.2.3}{\376\377\000O\000b\000j\000e\000t\000i\000v\000o\000\040\000d\000e\000l\000\040\000a\000n\000t\000i\000p\000a\000t\000r\000\363\000n\000\040\000d\000e\000\040\000v\000u\000l\000n\000e\000r\000a\000b\000i\000l\000i\000d\000a\000d\000e\000s}{chapter.2}% 8
\BOOKMARK [1][-]{section.2.4}{\376\377\000R\000e\000l\000a\000c\000i\000\363\000n\000\040\000e\000n\000t\000r\000e\000\040\000p\000a\000t\000r\000\363\000n\000\040\000y\000\040\000V\000A\000P}{chapter.2}% 9
\BOOKMARK [1][-]{section.2.5}{\376\377\000V\000u\000l\000n\000e\000r\000a\000b\000i\000l\000i\000d\000a\000d\000e\000s\000\040\000d\000e\000\040\000W\000o\000r\000d\000p\000e\000r\000s\000s}{chapter.2}% 10
\BOOKMARK [1][-]{section.2.6}{\376\377\000A\000n\000\341\000l\000i\000s\000i\000s\000\040\000d\000e\000\040\000A\000P\000I\000s\000:\000\040\000C\000P\000E\000,\000\040\000C\000V\000E\000,\000\040\000P\000a\000t\000c\000h\000s\000t\000a\000c\000k\000\040\000o\000\040\000W\000P\000\040\000V\000u\000l\000n\000e\000r\000a\000b\000i\000l\000i\000t\000y\000\040\000D\000a\000t\000a\000b\000a\000s\000e}{chapter.2}% 11
\BOOKMARK [0][-]{chapter.3}{\376\377\000D\000i\000s\000e\000\361\000o\000\040\000d\000e\000l\000\040\000S\000o\000f\000t\000w\000a\000r\000e}{}% 12
\BOOKMARK [1][-]{section.3.1}{\376\377\000R\000e\000q\000u\000e\000r\000i\000m\000i\000e\000n\000t\000o\000s}{chapter.3}% 13
\BOOKMARK [2][-]{subsection.3.1.1}{\376\377\000R\000e\000q\000u\000e\000r\000i\000m\000i\000e\000n\000t\000o\000s\000\040\000f\000u\000n\000c\000i\000o\000n\000a\000l\000e\000s}{section.3.1}% 14
\BOOKMARK [2][-]{subsection.3.1.2}{\376\377\000R\000e\000q\000u\000e\000r\000i\000m\000i\000e\000n\000t\000o\000s\000\040\000n\000o\000\040\000f\000u\000n\000c\000i\000o\000n\000a\000l\000e\000s}{section.3.1}% 15
\BOOKMARK [1][-]{section.3.2}{\376\377\000D\000i\000s\000e\000\361\000o\000\040\000d\000e\000\040\000l\000a\000\040\000b\000a\000s\000e\000\040\000d\000e\000\040\000d\000a\000t\000o\000s}{chapter.3}% 16
\BOOKMARK [1][-]{section.3.3}{\376\377\000D\000e\000s\000a\000r\000r\000o\000l\000l\000o\000\040\000d\000e\000\040\000l\000a\000\040\000A\000P\000I}{chapter.3}% 17
\BOOKMARK [0][-]{appendix.Alph1}{\376\377\000P\000a\000t\000r\000o\000n\000e\000s\000\040\000d\000e\000\040\000s\000o\000f\000t\000w\000a\000r\000e\000\040\000a\000p\000l\000i\000c\000a\000d\000o\000s\000\040\000a\000\040\000l\000a\000\040\000s\000e\000g\000u\000r\000i\000d\000a\000d}{}% 18
\BOOKMARK [1][-]{section.Alph1.1}{\376\377\000P\000r\000o\000x\000y\000\040\000P\000a\000t\000t\000e\000r\000n}{appendix.Alph1}% 19
\BOOKMARK [1][-]{section.Alph1.2}{\376\377\000F\000a\000c\000a\000d\000e\000\040\000P\000a\000t\000t\000e\000r\000n}{appendix.Alph1}% 20
\BOOKMARK [1][-]{section.Alph1.3}{\376\377\000A\000d\000a\000p\000t\000e\000r\000\040\000P\000a\000t\000t\000e\000r\000n}{appendix.Alph1}% 21
\BOOKMARK [1][-]{section.Alph1.4}{\376\377\000S\000i\000n\000g\000l\000e\000t\000o\000n}{appendix.Alph1}% 22
\BOOKMARK [1][-]{section.Alph1.5}{\376\377\000O\000b\000s\000e\000r\000v\000e\000r}{appendix.Alph1}% 23
\BOOKMARK [1][-]{section.Alph1.6}{\376\377\000D\000e\000c\000o\000r\000a\000t\000o\000r}{appendix.Alph1}% 24
\BOOKMARK [1][-]{section.Alph1.7}{\376\377\000S\000t\000r\000a\000t\000e\000g\000y}{appendix.Alph1}% 25
\BOOKMARK [0][-]{appendix.Alph2}{\376\377\000A\000p\000\351\000n\000d\000i\000c\000e\000\040\000A\000:\000\040\000S\000Q\000L\000\040\000I\000n\000j\000e\000c\000t\000i\000o\000n}{}% 26
\BOOKMARK [1][-]{section.Alph2.1}{\376\377\000A\000n\000t\000i\000p\000a\000t\000r\000\363\000n}{appendix.Alph2}% 27
\BOOKMARK [2][-]{subsection.Alph2.1.1}{\376\377\000N\000o\000m\000b\000r\000e}{section.Alph2.1}% 28
\BOOKMARK [2][-]{subsection.Alph2.1.2}{\376\377\000T\000a\000m\000b\000i\000\351\000n\000\040\000c\000o\000n\000o\000c\000i\000d\000o\000\040\000c\000o\000m\000o}{section.Alph2.1}% 29
\BOOKMARK [2][-]{subsection.Alph2.1.3}{\376\377\000F\000r\000e\000c\000u\000e\000n\000t\000e\000m\000e\000n\000t\000e\000\040\000e\000x\000p\000u\000e\000s\000t\000o\000\040\000e\000n\000\040\000e\000l\000\040\000S\000D\000L\000C}{section.Alph2.1}% 30
\BOOKMARK [2][-]{subsection.Alph2.1.4}{\376\377\000M\000a\000p\000e\000o\000\040\000c\000o\000n\000\040\000C\000W\000E}{section.Alph2.1}% 31
\BOOKMARK [2][-]{subsection.Alph2.1.5}{\376\377\000E\000j\000e\000m\000p\000l\000o\000s\000\040\000d\000e\000\040\000C\000V\000E}{section.Alph2.1}% 32
\BOOKMARK [2][-]{subsection.Alph2.1.6}{\376\377\000E\000j\000e\000m\000p\000l\000o\000\040\000d\000e\000\040\000A\000n\000t\000i\000-\000p\000a\000t\000r\000\363\000n}{section.Alph2.1}% 33
\BOOKMARK [2][-]{subsection.Alph2.1.7}{\376\377\000F\000u\000e\000r\000z\000a\000s\000\040\000d\000e\000s\000b\000a\000l\000a\000n\000c\000e\000a\000d\000a\000s}{section.Alph2.1}% 34
\BOOKMARK [2][-]{subsection.Alph2.1.8}{\376\377\000A\000t\000t\000a\000c\000k\000\040\000p\000a\000t\000t\000e\000r\000n}{section.Alph2.1}% 35
\BOOKMARK [2][-]{subsection.Alph2.1.9}{\376\377\000P\000r\000o\000b\000l\000e\000m\000a}{section.Alph2.1}% 36
\BOOKMARK [2][-]{subsection.Alph2.1.10}{\376\377\000C\000o\000n\000s\000e\000c\000u\000a\000n\000c\000i\000a\000s}{section.Alph2.1}% 37
\BOOKMARK [1][-]{section.Alph2.2}{\376\377\000P\000a\000t\000r\000\363\000n}{appendix.Alph2}% 38
\BOOKMARK [2][-]{subsection.Alph2.2.1}{\376\377\000S\000o\000l\000u\000c\000i\000o\000n\000\040\000e\000n\000\040\000e\000l\000\040\000S\000D\000L\000C}{section.Alph2.2}% 39
\BOOKMARK [2][-]{subsection.Alph2.2.2}{\376\377\000E\000j\000e\000m\000p\000l\000o\000\040\000d\000e\000\040\000S\000o\000l\000u\000c\000i\000\363\000n}{section.Alph2.2}% 40
\BOOKMARK [2][-]{subsection.Alph2.2.3}{\376\377\000P\000a\000t\000r\000o\000n\000e\000s\000\040\000r\000e\000l\000a\000c\000i\000o\000n\000a\000d\000o\000s}{section.Alph2.2}% 41
\BOOKMARK [0][-]{appendix.Alph3}{\376\377\000A\000p\000\351\000n\000d\000i\000c\000e\000\040\000B\000:\000\040\000C\000r\000o\000s\000s\000\040\000S\000i\000t\000e\000\040\000S\000c\000r\000i\000p\000t\000i\000n\000g\000\040\000C\000S\000S}{}% 42
\BOOKMARK [1][-]{section.Alph3.1}{\376\377\000A\000n\000t\000i\000p\000a\000t\000r\000\363\000n}{appendix.Alph3}% 43
\BOOKMARK [2][-]{subsection.Alph3.1.1}{\376\377\000N\000o\000m\000b\000r\000e}{section.Alph3.1}% 44
\BOOKMARK [2][-]{subsection.Alph3.1.2}{\376\377\000T\000a\000m\000b\000i\000e\000n\000\040\000c\000o\000n\000o\000c\000i\000d\000o\000\040\000c\000o\000m\000o}{section.Alph3.1}% 45
\BOOKMARK [2][-]{subsection.Alph3.1.3}{\376\377\000F\000r\000e\000c\000u\000e\000n\000t\000e\000m\000e\000n\000t\000e\000\040\000e\000x\000p\000u\000e\000s\000t\000o\000\040\000e\000n\000\040\000l\000a\000\040\000e\000t\000a\000p\000a\000\040\000d\000e\000l\000\040\000S\000D\000L\000C}{section.Alph3.1}% 46
\BOOKMARK [2][-]{subsection.Alph3.1.4}{\376\377\000M\000a\000p\000e\000o\000\040\000c\000o\000n\000\040\000C\000W\000E}{section.Alph3.1}% 47
\BOOKMARK [2][-]{subsection.Alph3.1.5}{\376\377\000E\000j\000e\000m\000p\000l\000o\000s\000\040\000d\000e\000\040\000C\000V\000E}{section.Alph3.1}% 48
\BOOKMARK [2][-]{subsection.Alph3.1.6}{\376\377\000E\000j\000e\000m\000p\000l\000o\000\040\000d\000e\000\040\000a\000n\000t\000i\000p\000a\000t\000r\000\363\000n}{section.Alph3.1}% 49
\BOOKMARK [2][-]{subsection.Alph3.1.7}{\376\377\000F\000u\000e\000r\000z\000a\000s\000\040\000d\000e\000s\000b\000a\000l\000a\000n\000c\000e\000a\000d\000a\000s}{section.Alph3.1}% 50
\BOOKMARK [2][-]{subsection.Alph3.1.8}{\376\377\000A\000t\000t\000a\000c\000k\000\040\000p\000a\000t\000t\000e\000r\000n}{section.Alph3.1}% 51
\BOOKMARK [2][-]{subsection.Alph3.1.9}{\376\377\000P\000r\000o\000b\000l\000e\000m\000a}{section.Alph3.1}% 52
\BOOKMARK [2][-]{subsection.Alph3.1.10}{\376\377\000C\000o\000n\000s\000e\000c\000u\000e\000n\000c\000i\000a\000s}{section.Alph3.1}% 53
\BOOKMARK [1][-]{section.Alph3.2}{\376\377\000P\000a\000t\000r\000\363\000n}{appendix.Alph3}% 54
\BOOKMARK [2][-]{subsection.Alph3.2.1}{\376\377\000S\000o\000l\000u\000c\000i\000\363\000n\000\040\000e\000n\000\040\000e\000l\000\040\000S\000D\000L\000C}{section.Alph3.2}% 55
\BOOKMARK [2][-]{subsection.Alph3.2.2}{\376\377\000E\000j\000e\000m\000p\000l\000o\000\040\000d\000e\000\040\000s\000o\000l\000u\000c\000i\000\363\000n}{section.Alph3.2}% 56
\BOOKMARK [2][-]{subsection.Alph3.2.3}{\376\377\000P\000a\000t\000r\000o\000n\000e\000s\000\040\000r\000e\000l\000a\000c\000i\000o\000n\000a\000d\000o\000s}{section.Alph3.2}% 57
\BOOKMARK [0][-]{appendix.Alph4}{\376\377\000A\000p\000\351\000n\000d\000i\000c\000e\000\040\000C\000:\000\040\000B\000r\000o\000k\000e\000n\000\040\000A\000c\000c\000e\000s\000s\000\040\000C\000o\000n\000t\000r\000o\000l}{}% 58
\BOOKMARK [1][-]{section.Alph4.1}{\376\377\000A\000n\000t\000r\000i\000p\000a\000t\000r\000\363\000n}{appendix.Alph4}% 59
\BOOKMARK [2][-]{subsection.Alph4.1.1}{\376\377\000N\000o\000m\000b\000r\000e}{section.Alph4.1}% 60
\BOOKMARK [2][-]{subsection.Alph4.1.2}{\376\377\000T\000a\000m\000b\000i\000\351\000n\000\040\000c\000o\000n\000o\000c\000i\000d\000o\000\040\000c\000o\000m\000o}{section.Alph4.1}% 61
\BOOKMARK [2][-]{subsection.Alph4.1.3}{\376\377\000F\000r\000e\000c\000u\000e\000n\000t\000e\000m\000e\000n\000t\000e\000\040\000e\000x\000p\000u\000e\000s\000t\000o\000\040\000e\000n\000\040\000l\000a\000\040\000e\000t\000a\000p\000a\000\040\000d\000e\000l\000\040\000S\000D\000L\000C}{section.Alph4.1}% 62
\BOOKMARK [2][-]{subsection.Alph4.1.4}{\376\377\000M\000a\000p\000e\000o\000\040\000c\000o\000n\000\040\000C\000W\000E}{section.Alph4.1}% 63
\BOOKMARK [2][-]{subsection.Alph4.1.5}{\376\377\000E\000j\000e\000m\000p\000l\000o\000s\000\040\000d\000e\000\040\000C\000V\000E}{section.Alph4.1}% 64
\BOOKMARK [2][-]{subsection.Alph4.1.6}{\376\377\000E\000j\000e\000m\000p\000l\000o\000\040\000d\000e\000\040\000a\000n\000t\000i\000p\000a\000t\000r\000\363\000n}{section.Alph4.1}% 65
\BOOKMARK [2][-]{subsection.Alph4.1.7}{\376\377\000F\000u\000e\000r\000z\000a\000s\000\040\000d\000e\000s\000b\000a\000l\000a\000n\000c\000e\000a\000d\000a\000s}{section.Alph4.1}% 66
\BOOKMARK [2][-]{subsection.Alph4.1.8}{\376\377\000A\000t\000t\000a\000c\000k\000\040\000p\000a\000t\000t\000e\000r\000n}{section.Alph4.1}% 67
\BOOKMARK [2][-]{subsection.Alph4.1.9}{\376\377\000P\000r\000o\000b\000l\000e\000m\000a}{section.Alph4.1}% 68
\BOOKMARK [2][-]{subsection.Alph4.1.10}{\376\377\000C\000o\000n\000s\000e\000c\000u\000e\000n\000c\000i\000a\000s}{section.Alph4.1}% 69
\BOOKMARK [1][-]{section.Alph4.2}{\376\377\000P\000a\000t\000r\000\363\000n}{appendix.Alph4}% 70
\BOOKMARK [2][-]{subsection.Alph4.2.1}{\376\377\000S\000o\000l\000u\000c\000i\000\363\000n\000\040\000e\000n\000\040\000e\000l\000\040\000S\000D\000L\000C}{section.Alph4.2}% 71
\BOOKMARK [2][-]{subsection.Alph4.2.2}{\376\377\000E\000j\000e\000m\000p\000l\000o\000\040\000d\000e\000\040\000s\000o\000l\000u\000c\000i\000\363\000n}{section.Alph4.2}% 72
\BOOKMARK [2][-]{subsection.Alph4.2.3}{\376\377\000R\000e\000l\000a\000t\000e\000d\000\040\000p\000a\000t\000t\000e\000r\000n\000s}{section.Alph4.2}% 73
\BOOKMARK [0][-]{appendix.Alph5}{\376\377\000C\000r\000o\000s\000s\000-\000S\000i\000t\000e\000\040\000R\000e\000q\000u\000e\000s\000t\000\040\000F\000o\000r\000g\000e\000r\000y}{}% 74
\BOOKMARK [1][-]{section.Alph5.1}{\376\377\000A\000n\000t\000i\000p\000a\000t\000r\000\363\000n}{appendix.Alph5}% 75
\BOOKMARK [2][-]{subsection.Alph5.1.1}{\376\377\000N\000o\000m\000b\000r\000e}{section.Alph5.1}% 76
\BOOKMARK [2][-]{subsection.Alph5.1.2}{\376\377\000T\000a\000m\000b\000i\000\351\000n\000\040\000c\000o\000n\000o\000c\000i\000d\000o\000\040\000c\000o\000m\000o}{section.Alph5.1}% 77
\BOOKMARK [2][-]{subsection.Alph5.1.3}{\376\377\000F\000r\000e\000c\000u\000e\000n\000t\000e\000m\000e\000n\000t\000e\000\040\000e\000x\000p\000u\000e\000s\000t\000o\000\040\000e\000n\000\040\000l\000a\000\040\000e\000t\000a\000p\000a\000\040\000d\000e\000l\000\040\000S\000D\000L\000C}{section.Alph5.1}% 78
\BOOKMARK [2][-]{subsection.Alph5.1.4}{\376\377\000M\000a\000p\000e\000o\000\040\000c\000o\000n\000\040\000C\000W\000E}{section.Alph5.1}% 79
\BOOKMARK [2][-]{subsection.Alph5.1.5}{\376\377\000E\000j\000e\000m\000p\000l\000o\000s\000\040\000d\000e\000\040\000C\000V\000E}{section.Alph5.1}% 80
\BOOKMARK [2][-]{subsection.Alph5.1.6}{\376\377\000E\000j\000e\000m\000p\000l\000o\000\040\000d\000e\000\040\000a\000n\000t\000i\000p\000a\000t\000r\000\363\000n}{section.Alph5.1}% 81
\BOOKMARK [2][-]{subsection.Alph5.1.7}{\376\377\000F\000u\000e\000r\000z\000a\000s\000\040\000d\000e\000s\000b\000a\000l\000a\000n\000c\000e\000a\000d\000a\000s}{section.Alph5.1}% 82
\BOOKMARK [2][-]{subsection.Alph5.1.8}{\376\377\000A\000t\000t\000a\000c\000k\000\040\000p\000a\000t\000t\000e\000r\000n}{section.Alph5.1}% 83
\BOOKMARK [2][-]{subsection.Alph5.1.9}{\376\377\000P\000r\000o\000b\000l\000e\000m\000a}{section.Alph5.1}% 84
\BOOKMARK [2][-]{subsection.Alph5.1.10}{\376\377\000C\000o\000n\000s\000e\000c\000u\000e\000n\000c\000i\000a\000s}{section.Alph5.1}% 85
\BOOKMARK [1][-]{section.Alph5.2}{\376\377\000P\000a\000t\000r\000\363\000n}{appendix.Alph5}% 86
\BOOKMARK [2][-]{subsection.Alph5.2.1}{\376\377\000E\000j\000e\000m\000p\000l\000o\000s\000\040\000d\000e\000\040\000s\000o\000l\000u\000c\000i\000\363\000n}{section.Alph5.2}% 87
\BOOKMARK [2][-]{subsection.Alph5.2.2}{\376\377\000P\000a\000t\000r\000o\000n\000e\000s\000\040\000r\000e\000l\000a\000c\000i\000o\000n\000a\000d\000o\000s}{section.Alph5.2}% 88
\BOOKMARK [0][-]{appendix.Alph6}{\376\377\000A\000p\000\351\000n\000d\000i\000c\000e\000\040\000D\000:\000\040\000S\000e\000r\000v\000e\000r\000\040\000S\000i\000d\000e\000\040\000R\000e\000q\000u\000e\000s\000t\000\040\000F\000o\000r\000g\000e\000r\000y}{}% 89
\BOOKMARK [1][-]{section.Alph6.1}{\376\377\000A\000n\000t\000i\000p\000a\000t\000r\000\363\000n}{appendix.Alph6}% 90
\BOOKMARK [2][-]{subsection.Alph6.1.1}{\376\377\000N\000o\000m\000b\000r\000e}{section.Alph6.1}% 91
\BOOKMARK [2][-]{subsection.Alph6.1.2}{\376\377\000T\000a\000m\000b\000i\000e\000n\000\040\000c\000o\000n\000o\000c\000i\000d\000o\000\040\000c\000o\000m\000o}{section.Alph6.1}% 92
\BOOKMARK [2][-]{subsection.Alph6.1.3}{\376\377\000F\000r\000e\000c\000u\000e\000n\000t\000e\000m\000e\000n\000t\000e\000\040\000e\000x\000p\000u\000e\000s\000t\000o\000\040\000e\000n\000\040\000l\000a\000\040\000e\000t\000a\000p\000a\000\040\000d\000e\000l\000\040\000S\000D\000L\000C}{section.Alph6.1}% 93
\BOOKMARK [2][-]{subsection.Alph6.1.4}{\376\377\000M\000a\000p\000e\000o\000\040\000c\000o\000n\000\040\000C\000W\000E}{section.Alph6.1}% 94
\BOOKMARK [2][-]{subsection.Alph6.1.5}{\376\377\000E\000j\000e\000m\000p\000l\000o\000s\000\040\000d\000e\000\040\000C\000V\000E}{section.Alph6.1}% 95
\BOOKMARK [2][-]{subsection.Alph6.1.6}{\376\377\000E\000j\000e\000m\000p\000l\000o\000\040\000d\000e\000\040\000a\000n\000t\000i\000p\000a\000t\000r\000\363\000n}{section.Alph6.1}% 96
\BOOKMARK [2][-]{subsection.Alph6.1.7}{\376\377\000F\000u\000e\000r\000z\000a\000s\000\040\000d\000e\000s\000b\000a\000l\000a\000n\000c\000e\000a\000d\000a\000s}{section.Alph6.1}% 97
\BOOKMARK [2][-]{subsection.Alph6.1.8}{\376\377\000A\000t\000t\000a\000c\000k\000\040\000p\000a\000t\000t\000e\000r\000n}{section.Alph6.1}% 98
\BOOKMARK [2][-]{subsection.Alph6.1.9}{\376\377\000P\000r\000o\000b\000l\000e\000m\000a}{section.Alph6.1}% 99
\BOOKMARK [2][-]{subsection.Alph6.1.10}{\376\377\000C\000o\000n\000s\000e\000c\000u\000e\000n\000c\000i\000a\000s}{section.Alph6.1}% 100
\BOOKMARK [1][-]{section.Alph6.2}{\376\377\000P\000a\000t\000r\000\363\000n}{appendix.Alph6}% 101
\BOOKMARK [2][-]{subsection.Alph6.2.1}{\376\377\000E\000j\000e\000m\000p\000l\000o\000\040\000d\000e\000\040\000s\000o\000l\000u\000c\000i\000\363\000n}{section.Alph6.2}% 102
\BOOKMARK [2][-]{subsection.Alph6.2.2}{\376\377\000R\000e\000l\000a\000t\000e\000d\000\040\000p\000a\000t\000t\000e\000r\000n\000s}{section.Alph6.2}% 103
\BOOKMARK [0][-]{appendix.Alph7}{\376\377\000A\000p\000\351\000n\000d\000i\000c\000e\000\040\000E\000:\000\040\000P\000a\000t\000h\000\040\000T\000r\000a\000v\000e\000r\000s\000a\000l}{}% 104
\BOOKMARK [1][-]{section.Alph7.1}{\376\377\000A\000n\000t\000i\000p\000a\000t\000r\000\363\000n}{appendix.Alph7}% 105
\BOOKMARK [2][-]{subsection.Alph7.1.1}{\376\377\000N\000o\000m\000b\000r\000e\000\040\000d\000e\000l\000\040\000A\000n\000t\000i\000p\000a\000t\000r\000\363\000n\000:\000\040\000P\000a\000t\000h\000\040\000T\000r\000a\000v\000e\000r\000s\000a\000l}{section.Alph7.1}% 106
\BOOKMARK [2][-]{subsection.Alph7.1.2}{\376\377\000T\000a\000m\000b\000i\000\351\000n\000\040\000c\000o\000n\000o\000c\000i\000d\000o\000\040\000c\000o\000m\000o\000:\000\040\000D\000i\000r\000e\000c\000t\000o\000r\000y\000\040\000T\000r\000a\000v\000e\000r\000s\000a\000l\000,\000\040\000F\000i\000l\000e\000\040\000P\000a\000t\000h\000\040\000T\000r\000a\000v\000e\000r\000s\000a\000l}{section.Alph7.1}% 107
\BOOKMARK [2][-]{subsection.Alph7.1.3}{\376\377\000E\000t\000a\000p\000a\000\040\000d\000e\000l\000\040\000S\000D\000L\000C\000\040\000d\000o\000n\000d\000e\000\040\000s\000e\000\040\000e\000x\000p\000o\000n\000e\000:}{section.Alph7.1}% 108
\BOOKMARK [2][-]{subsection.Alph7.1.4}{\376\377\000M\000a\000p\000p\000i\000n\000g\000\040\000c\000o\000n\000\040\000C\000W\000E}{section.Alph7.1}% 109
\BOOKMARK [2][-]{subsection.Alph7.1.5}{\376\377\000E\000j\000e\000m\000p\000l\000o\000s\000\040\000d\000e\000\040\000C\000V\000E}{section.Alph7.1}% 110
\BOOKMARK [2][-]{subsection.Alph7.1.6}{\376\377\000E\000j\000e\000m\000p\000l\000o\000\040\000d\000e\000l\000\040\000A\000n\000t\000i\000p\000a\000t\000r\000\363\000n\000:\000\040}{section.Alph7.1}% 111
\BOOKMARK [2][-]{subsection.Alph7.1.7}{\376\377\000F\000u\000e\000r\000z\000a\000s\000\040\000d\000e\000s\000b\000a\000l\000a\000n\000c\000e\000a\000d\000a\000s\000:}{section.Alph7.1}% 112
\BOOKMARK [2][-]{subsection.Alph7.1.8}{\376\377\000A\000t\000t\000a\000c\000k\000\040\000P\000a\000t\000t\000e\000r\000n}{section.Alph7.1}% 113
\BOOKMARK [2][-]{subsection.Alph7.1.9}{\376\377\000P\000r\000o\000b\000l\000e\000m\000a}{section.Alph7.1}% 114
\BOOKMARK [2][-]{subsection.Alph7.1.10}{\376\377\000C\000o\000n\000s\000e\000c\000u\000e\000n\000c\000i\000a}{section.Alph7.1}% 115
\BOOKMARK [1][-]{section.Alph7.2}{\376\377\000P\000a\000t\000r\000\363\000n}{appendix.Alph7}% 116
\BOOKMARK [2][-]{subsection.Alph7.2.1}{\376\377\000P\000a\000s\000o\000s\000\040\000d\000e\000\040\000l\000a\000\040\000s\000o\000l\000u\000c\000i\000\363\000n\000\040\000e\000n\000\040\000e\000l\000\040\000S\000D\000L\000C}{section.Alph7.2}% 117
\BOOKMARK [2][-]{subsection.Alph7.2.2}{\376\377\000S\000o\000l\000u\000c\000i\000\363\000n}{section.Alph7.2}% 118
\BOOKMARK [0][-]{appendix.Alph8}{\376\377\000A\000p\000\351\000n\000d\000i\000c\000e\000\040\000G\000:\000\040\000R\000e\000m\000o\000t\000e\000/\000L\000o\000c\000a\000l\000\040\000F\000i\000l\000e\000\040\000I\000n\000c\000l\000u\000s\000i\000o\000n}{}% 119
\BOOKMARK [1][-]{section.Alph8.1}{\376\377\000A\000n\000t\000i\000p\000a\000t\000r\000\363\000n}{appendix.Alph8}% 120
\BOOKMARK [2][-]{subsection.Alph8.1.1}{\376\377\000N\000o\000m\000b\000r\000e}{section.Alph8.1}% 121
\BOOKMARK [2][-]{subsection.Alph8.1.2}{\376\377\000T\000a\000m\000b\000i\000e\000n\000\040\000c\000o\000n\000o\000c\000i\000d\000o\000\040\000c\000o\000m\000o}{section.Alph8.1}% 122
\BOOKMARK [2][-]{subsection.Alph8.1.3}{\376\377\000F\000r\000e\000c\000u\000e\000n\000t\000e\000m\000e\000n\000t\000e\000\040\000e\000x\000p\000u\000e\000s\000t\000o\000\040\000e\000n\000\040\000l\000a\000\040\000e\000t\000a\000p\000a\000\040\000d\000e\000l\000\040\000S\000D\000L\000C}{section.Alph8.1}% 123
\BOOKMARK [2][-]{subsection.Alph8.1.4}{\376\377\000M\000a\000p\000e\000o\000\040\000c\000o\000n\000\040\000C\000W\000E}{section.Alph8.1}% 124
\BOOKMARK [2][-]{subsection.Alph8.1.5}{\376\377\000E\000j\000e\000m\000p\000l\000o\000s\000\040\000d\000e\000\040\000C\000V\000E}{section.Alph8.1}% 125
\BOOKMARK [2][-]{subsection.Alph8.1.6}{\376\377\000E\000j\000e\000m\000p\000l\000o\000\040\000d\000e\000\040\000a\000n\000t\000i\000p\000a\000t\000r\000\363\000n}{section.Alph8.1}% 126
\BOOKMARK [2][-]{subsection.Alph8.1.7}{\376\377\000F\000u\000e\000r\000z\000a\000s\000\040\000d\000e\000s\000b\000a\000l\000a\000n\000c\000e\000a\000d\000a\000s}{section.Alph8.1}% 127
\BOOKMARK [2][-]{subsection.Alph8.1.8}{\376\377\000A\000t\000t\000a\000c\000k\000\040\000p\000a\000t\000t\000e\000r\000n}{section.Alph8.1}% 128
\BOOKMARK [2][-]{subsection.Alph8.1.9}{\376\377\000P\000r\000o\000b\000l\000e\000m\000a}{section.Alph8.1}% 129
\BOOKMARK [2][-]{subsection.Alph8.1.10}{\376\377\000C\000o\000n\000s\000e\000c\000u\000e\000n\000c\000i\000a\000s}{section.Alph8.1}% 130
\BOOKMARK [1][-]{section.Alph8.2}{\376\377\000P\000a\000t\000r\000\363\000n}{appendix.Alph8}% 131
\BOOKMARK [2][-]{subsection.Alph8.2.1}{\376\377\000S\000o\000l\000u\000c\000i\000\363\000n\000\040\000e\000n\000\040\000e\000l\000\040\000S\000D\000L\000C}{section.Alph8.2}% 132
\BOOKMARK [2][-]{subsection.Alph8.2.2}{\376\377\000S\000o\000l\000u\000c\000i\000\363\000n}{section.Alph8.2}% 133
\BOOKMARK [2][-]{subsection.Alph8.2.3}{\376\377\000P\000a\000t\000r\000o\000n\000e\000s\000\040\000r\000e\000l\000a\000c\000i\000o\000n\000a\000d\000o\000s}{section.Alph8.2}% 134
\BOOKMARK [0][-]{appendix.Alph9}{\376\377\000R\000e\000m\000o\000t\000e\000\040\000C\000o\000d\000e\000\040\000E\000x\000e\000c\000u\000t\000i\000o\000n}{}% 135
\BOOKMARK [1][-]{section.Alph9.1}{\376\377\000A\000n\000t\000i\000p\000a\000t\000r\000\363\000n}{appendix.Alph9}% 136
\BOOKMARK [2][-]{subsection.Alph9.1.1}{\376\377\000N\000o\000m\000b\000r\000e}{section.Alph9.1}% 137
\BOOKMARK [2][-]{subsection.Alph9.1.2}{\376\377\000T\000a\000m\000b\000i\000e\000n\000\040\000c\000o\000n\000o\000c\000i\000d\000o\000\040\000c\000o\000m\000o}{section.Alph9.1}% 138
\BOOKMARK [2][-]{subsection.Alph9.1.3}{\376\377\000F\000r\000e\000c\000u\000e\000n\000t\000e\000m\000e\000n\000t\000e\000\040\000e\000x\000p\000u\000e\000s\000t\000o\000\040\000e\000n\000\040\000l\000a\000\040\000e\000t\000a\000p\000a\000\040\000d\000e\000l\000\040\000S\000D\000L\000C}{section.Alph9.1}% 139
\BOOKMARK [2][-]{subsection.Alph9.1.4}{\376\377\000M\000a\000p\000e\000o\000\040\000c\000o\000n\000\040\000C\000W\000E}{section.Alph9.1}% 140
\BOOKMARK [2][-]{subsection.Alph9.1.5}{\376\377\000E\000j\000e\000m\000p\000l\000o\000s\000\040\000d\000e\000\040\000C\000V\000E}{section.Alph9.1}% 141
\BOOKMARK [2][-]{subsection.Alph9.1.6}{\376\377\000E\000j\000e\000m\000p\000l\000o\000\040\000d\000e\000\040\000a\000n\000t\000i\000p\000a\000t\000r\000\363\000n}{section.Alph9.1}% 142
\BOOKMARK [2][-]{subsection.Alph9.1.7}{\376\377\000F\000u\000e\000r\000z\000a\000s\000\040\000d\000e\000s\000b\000a\000l\000a\000n\000c\000e\000a\000d\000a\000s}{section.Alph9.1}% 143
\BOOKMARK [2][-]{subsection.Alph9.1.8}{\376\377\000A\000t\000t\000a\000c\000k\000\040\000p\000a\000t\000t\000e\000r\000n}{section.Alph9.1}% 144
\BOOKMARK [2][-]{subsection.Alph9.1.9}{\376\377\000P\000r\000o\000b\000l\000e\000m\000a}{section.Alph9.1}% 145
\BOOKMARK [2][-]{subsection.Alph9.1.10}{\376\377\000C\000o\000n\000s\000e\000c\000u\000e\000n\000c\000i\000a\000s}{section.Alph9.1}% 146
\BOOKMARK [1][-]{section.Alph9.2}{\376\377\000P\000a\000t\000r\000\363\000n}{appendix.Alph9}% 147
\BOOKMARK [2][-]{subsection.Alph9.2.1}{\376\377\000S\000o\000l\000u\000c\000i\000\363\000n\000\040\000e\000n\000\040\000e\000l\000\040\000S\000D\000L\000C}{section.Alph9.2}% 148
\BOOKMARK [2][-]{subsection.Alph9.2.2}{\376\377\000E\000j\000e\000m\000p\000l\000o\000\040\000d\000e\000\040\000s\000o\000l\000u\000c\000i\000\363\000n}{section.Alph9.2}% 149
\BOOKMARK [2][-]{subsection.Alph9.2.3}{\376\377\000R\000e\000l\000a\000t\000e\000d\000\040\000p\000a\000t\000t\000e\000r\000n\000s}{section.Alph9.2}% 150
\BOOKMARK [0][-]{appendix.Alph10}{\376\377\000C\000S\000V\000\040\000I\000n\000j\000e\000c\000t\000i\000o\000n}{}% 151
\BOOKMARK [1][-]{section.Alph10.1}{\376\377\000A\000n\000t\000i\000p\000a\000t\000r\000\363\000n}{appendix.Alph10}% 152
\BOOKMARK [2][-]{subsection.Alph10.1.1}{\376\377\000N\000o\000m\000b\000r\000e}{section.Alph10.1}% 153
\BOOKMARK [2][-]{subsection.Alph10.1.2}{\376\377\000T\000a\000m\000b\000i\000e\000n\000\040\000c\000o\000n\000o\000c\000i\000d\000o\000\040\000c\000o\000m\000o}{section.Alph10.1}% 154
\BOOKMARK [2][-]{subsection.Alph10.1.3}{\376\377\000F\000r\000e\000c\000u\000e\000n\000t\000e\000m\000e\000n\000t\000e\000\040\000e\000x\000p\000u\000e\000s\000t\000o\000\040\000e\000n\000\040\000l\000a\000\040\000e\000t\000a\000p\000a\000\040\000d\000e\000l\000\040\000S\000D\000L\000C}{section.Alph10.1}% 155
\BOOKMARK [2][-]{subsection.Alph10.1.4}{\376\377\000M\000a\000p\000e\000o\000\040\000c\000o\000n\000\040\000C\000W\000E}{section.Alph10.1}% 156
\BOOKMARK [2][-]{subsection.Alph10.1.5}{\376\377\000E\000j\000e\000m\000p\000l\000o\000s\000\040\000d\000e\000\040\000C\000V\000E}{section.Alph10.1}% 157
\BOOKMARK [2][-]{subsection.Alph10.1.6}{\376\377\000E\000j\000e\000m\000p\000l\000o\000\040\000d\000e\000\040\000a\000n\000t\000i\000p\000a\000t\000r\000\363\000n}{section.Alph10.1}% 158
\BOOKMARK [2][-]{subsection.Alph10.1.7}{\376\377\000F\000u\000e\000r\000z\000a\000s\000\040\000d\000e\000s\000b\000a\000l\000a\000n\000c\000e\000a\000d\000a\000s}{section.Alph10.1}% 159
\BOOKMARK [2][-]{subsection.Alph10.1.8}{\376\377\000A\000t\000t\000a\000c\000k\000\040\000p\000a\000t\000t\000e\000r\000n}{section.Alph10.1}% 160
\BOOKMARK [2][-]{subsection.Alph10.1.9}{\376\377\000P\000r\000o\000b\000l\000e\000m\000a}{section.Alph10.1}% 161
\BOOKMARK [2][-]{subsection.Alph10.1.10}{\376\377\000C\000o\000n\000s\000e\000c\000u\000e\000n\000c\000i\000a\000s}{section.Alph10.1}% 162
\BOOKMARK [1][-]{section.Alph10.2}{\376\377\000P\000a\000t\000r\000\363\000n}{appendix.Alph10}% 163
\BOOKMARK [2][-]{subsection.Alph10.2.1}{\376\377\000S\000o\000l\000u\000c\000i\000\363\000n\000\040\000e\000n\000\040\000e\000l\000\040\000S\000D\000L\000C}{section.Alph10.2}% 164
\BOOKMARK [2][-]{subsection.Alph10.2.2}{\376\377\000E\000j\000e\000m\000p\000l\000o\000\040\000d\000e\000\040\000s\000o\000l\000u\000c\000i\000\363\000n}{section.Alph10.2}% 165
\BOOKMARK [2][-]{subsection.Alph10.2.3}{\376\377\000R\000e\000l\000a\000t\000e\000d\000\040\000p\000a\000t\000t\000e\000r\000n\000s}{section.Alph10.2}% 166
\BOOKMARK [0][-]{appendix.Alph11}{\376\377\000D\000a\000t\000a\000\040\000E\000x\000p\000o\000s\000u\000r\000e}{}% 167
\BOOKMARK [1][-]{section.Alph11.1}{\376\377\000A\000n\000t\000i\000p\000a\000t\000r\000\363\000n}{appendix.Alph11}% 168
\BOOKMARK [2][-]{subsection.Alph11.1.1}{\376\377\000N\000o\000m\000b\000r\000e}{section.Alph11.1}% 169
\BOOKMARK [2][-]{subsection.Alph11.1.2}{\376\377\000T\000a\000m\000b\000i\000e\000n\000\040\000c\000o\000n\000o\000c\000i\000d\000o\000\040\000c\000o\000m\000o}{section.Alph11.1}% 170
\BOOKMARK [2][-]{subsection.Alph11.1.3}{\376\377\000F\000r\000e\000c\000u\000e\000n\000t\000e\000m\000e\000n\000t\000e\000\040\000e\000x\000p\000u\000e\000s\000t\000o\000\040\000e\000n\000\040\000l\000a\000\040\000e\000t\000a\000p\000a\000\040\000d\000e\000l\000\040\000S\000D\000L\000C}{section.Alph11.1}% 171
\BOOKMARK [2][-]{subsection.Alph11.1.4}{\376\377\000M\000a\000p\000e\000o\000\040\000c\000o\000n\000\040\000C\000W\000E}{section.Alph11.1}% 172
\BOOKMARK [2][-]{subsection.Alph11.1.5}{\376\377\000E\000j\000e\000m\000p\000l\000o\000s\000\040\000d\000e\000\040\000C\000V\000E}{section.Alph11.1}% 173
\BOOKMARK [2][-]{subsection.Alph11.1.6}{\376\377\000E\000j\000e\000m\000p\000l\000o\000\040\000d\000e\000\040\000a\000n\000t\000i\000p\000a\000t\000r\000\363\000n}{section.Alph11.1}% 174
\BOOKMARK [2][-]{subsection.Alph11.1.7}{\376\377\000F\000u\000e\000r\000z\000a\000s\000\040\000d\000e\000s\000b\000a\000l\000a\000n\000c\000e\000a\000d\000a\000s}{section.Alph11.1}% 175
\BOOKMARK [2][-]{subsection.Alph11.1.8}{\376\377\000A\000t\000t\000a\000c\000k\000\040\000p\000a\000t\000t\000e\000r\000n}{section.Alph11.1}% 176
\BOOKMARK [2][-]{subsection.Alph11.1.9}{\376\377\000P\000r\000o\000b\000l\000e\000m\000a}{section.Alph11.1}% 177
\BOOKMARK [2][-]{subsection.Alph11.1.10}{\376\377\000C\000o\000n\000s\000e\000c\000u\000e\000n\000c\000i\000a\000s}{section.Alph11.1}% 178
\BOOKMARK [1][-]{section.Alph11.2}{\376\377\000P\000a\000t\000r\000\363\000n}{appendix.Alph11}% 179
\BOOKMARK [2][-]{subsection.Alph11.2.1}{\376\377\000S\000o\000l\000u\000c\000i\000\363\000n\000\040\000e\000n\000\040\000e\000l\000\040\000S\000D\000L\000C}{section.Alph11.2}% 180
\BOOKMARK [2][-]{subsection.Alph11.2.2}{\376\377\000E\000j\000e\000m\000p\000l\000o\000\040\000d\000e\000\040\000s\000o\000l\000u\000c\000i\000\363\000n}{section.Alph11.2}% 181
\BOOKMARK [2][-]{subsection.Alph11.2.3}{\376\377\000R\000e\000l\000a\000t\000e\000d\000\040\000p\000a\000t\000t\000e\000r\000n\000s}{section.Alph11.2}% 182
\BOOKMARK [0][-]{appendix.Alph12}{\376\377\000I\000n\000s\000e\000c\000u\000r\000e\000\040\000D\000i\000r\000e\000c\000t\000\040\000O\000b\000j\000e\000c\000t\000\040\000R\000e\000f\000e\000r\000e\000n\000c\000e\000\040\000I\000D\000O\000R}{}% 183
\BOOKMARK [1][-]{section.Alph12.1}{\376\377\000A\000n\000t\000i\000p\000a\000t\000r\000\363\000n}{appendix.Alph12}% 184
\BOOKMARK [2][-]{subsection.Alph12.1.1}{\376\377\000N\000o\000m\000b\000r\000e}{section.Alph12.1}% 185
\BOOKMARK [2][-]{subsection.Alph12.1.2}{\376\377\000T\000a\000m\000b\000i\000e\000n\000\040\000c\000o\000n\000o\000c\000i\000d\000o\000\040\000c\000o\000m\000o}{section.Alph12.1}% 186
\BOOKMARK [2][-]{subsection.Alph12.1.3}{\376\377\000F\000r\000e\000c\000u\000e\000n\000t\000e\000m\000e\000n\000t\000e\000\040\000e\000x\000p\000u\000e\000s\000t\000o\000\040\000e\000n\000\040\000l\000a\000\040\000e\000t\000a\000p\000a\000\040\000d\000e\000l\000\040\000S\000D\000L\000C}{section.Alph12.1}% 187
\BOOKMARK [2][-]{subsection.Alph12.1.4}{\376\377\000M\000a\000p\000e\000o\000\040\000c\000o\000n\000\040\000C\000W\000E}{section.Alph12.1}% 188
\BOOKMARK [2][-]{subsection.Alph12.1.5}{\376\377\000E\000j\000e\000m\000p\000l\000o\000s\000\040\000d\000e\000\040\000C\000V\000E}{section.Alph12.1}% 189
\BOOKMARK [2][-]{subsection.Alph12.1.6}{\376\377\000E\000j\000e\000m\000p\000l\000o\000\040\000d\000e\000\040\000a\000n\000t\000i\000p\000a\000t\000r\000\363\000n}{section.Alph12.1}% 190
\BOOKMARK [2][-]{subsection.Alph12.1.7}{\376\377\000F\000u\000e\000r\000z\000a\000s\000\040\000d\000e\000s\000b\000a\000l\000a\000n\000c\000e\000a\000d\000a\000s}{section.Alph12.1}% 191
\BOOKMARK [2][-]{subsection.Alph12.1.8}{\376\377\000A\000t\000t\000a\000c\000k\000\040\000p\000a\000t\000t\000e\000r\000n}{section.Alph12.1}% 192
\BOOKMARK [2][-]{subsection.Alph12.1.9}{\376\377\000P\000r\000o\000b\000l\000e\000m\000a}{section.Alph12.1}% 193
\BOOKMARK [2][-]{subsection.Alph12.1.10}{\376\377\000C\000o\000n\000s\000e\000c\000u\000e\000n\000c\000i\000a\000s}{section.Alph12.1}% 194
\BOOKMARK [1][-]{section.Alph12.2}{\376\377\000P\000a\000t\000r\000\363\000n}{appendix.Alph12}% 195
\BOOKMARK [2][-]{subsection.Alph12.2.1}{\376\377\000S\000o\000l\000u\000c\000i\000\363\000n\000\040\000e\000n\000\040\000e\000l\000\040\000S\000D\000L\000C}{section.Alph12.2}% 196
\BOOKMARK [2][-]{subsection.Alph12.2.2}{\376\377\000E\000j\000e\000m\000p\000l\000o\000\040\000d\000e\000\040\000s\000o\000l\000u\000c\000i\000\363\000n}{section.Alph12.2}% 197
\BOOKMARK [2][-]{subsection.Alph12.2.3}{\376\377\000R\000e\000l\000a\000t\000e\000d\000\040\000p\000a\000t\000t\000e\000r\000n\000s}{section.Alph12.2}% 198
\BOOKMARK [0][-]{appendix.Alph13}{\376\377\000P\000r\000i\000v\000i\000l\000e\000g\000e\000\040\000E\000s\000c\000a\000l\000a\000t\000i\000o\000n}{}% 199
\BOOKMARK [1][-]{section.Alph13.1}{\376\377\000A\000n\000t\000i\000p\000a\000t\000r\000\363\000n}{appendix.Alph13}% 200
\BOOKMARK [2][-]{subsection.Alph13.1.1}{\376\377\000N\000o\000m\000b\000r\000e}{section.Alph13.1}% 201
\BOOKMARK [2][-]{subsection.Alph13.1.2}{\376\377\000T\000a\000m\000b\000i\000e\000n\000\040\000c\000o\000n\000o\000c\000i\000d\000o\000\040\000c\000o\000m\000o}{section.Alph13.1}% 202
\BOOKMARK [2][-]{subsection.Alph13.1.3}{\376\377\000F\000r\000e\000c\000u\000e\000n\000t\000e\000m\000e\000n\000t\000e\000\040\000e\000x\000p\000u\000e\000s\000t\000o\000\040\000e\000n\000\040\000l\000a\000\040\000e\000t\000a\000p\000a\000\040\000d\000e\000l\000\040\000S\000D\000L\000C}{section.Alph13.1}% 203
\BOOKMARK [2][-]{subsection.Alph13.1.4}{\376\377\000M\000a\000p\000e\000o\000\040\000c\000o\000n\000\040\000C\000W\000E}{section.Alph13.1}% 204
\BOOKMARK [2][-]{subsection.Alph13.1.5}{\376\377\000E\000j\000e\000m\000p\000l\000o\000s\000\040\000d\000e\000\040\000C\000V\000E}{section.Alph13.1}% 205
\BOOKMARK [2][-]{subsection.Alph13.1.6}{\376\377\000E\000j\000e\000m\000p\000l\000o\000\040\000d\000e\000\040\000a\000n\000t\000i\000p\000a\000t\000r\000\363\000n}{section.Alph13.1}% 206
\BOOKMARK [2][-]{subsection.Alph13.1.7}{\376\377\000F\000u\000e\000r\000z\000a\000s\000\040\000d\000e\000s\000b\000a\000l\000a\000n\000c\000e\000a\000d\000a\000s}{section.Alph13.1}% 207
\BOOKMARK [2][-]{subsection.Alph13.1.8}{\376\377\000A\000t\000t\000a\000c\000k\000\040\000p\000a\000t\000t\000e\000r\000n}{section.Alph13.1}% 208
\BOOKMARK [2][-]{subsection.Alph13.1.9}{\376\377\000P\000r\000o\000b\000l\000e\000m\000a}{section.Alph13.1}% 209
\BOOKMARK [2][-]{subsection.Alph13.1.10}{\376\377\000C\000o\000n\000s\000e\000c\000u\000e\000n\000c\000i\000a\000s}{section.Alph13.1}% 210
\BOOKMARK [1][-]{section.Alph13.2}{\376\377\000P\000a\000t\000r\000\363\000n}{appendix.Alph13}% 211
\BOOKMARK [2][-]{subsection.Alph13.2.1}{\376\377\000S\000o\000l\000u\000c\000i\000\363\000n\000\040\000e\000n\000\040\000e\000l\000\040\000S\000D\000L\000C}{section.Alph13.2}% 212
\BOOKMARK [2][-]{subsection.Alph13.2.2}{\376\377\000E\000j\000e\000m\000p\000l\000o\000\040\000d\000e\000\040\000s\000o\000l\000u\000c\000i\000\363\000n}{section.Alph13.2}% 213
\BOOKMARK [2][-]{subsection.Alph13.2.3}{\376\377\000R\000e\000l\000a\000t\000e\000d\000\040\000p\000a\000t\000t\000e\000r\000n\000s}{section.Alph13.2}% 214
\BOOKMARK [0][-]{appendix.Alph14}{\376\377\000R\000a\000c\000e\000\040\000C\000o\000n\000d\000i\000t\000i\000o\000n}{}% 215
\BOOKMARK [1][-]{section.Alph14.1}{\376\377\000A\000n\000t\000i\000p\000a\000t\000r\000\363\000n}{appendix.Alph14}% 216
\BOOKMARK [2][-]{subsection.Alph14.1.1}{\376\377\000N\000o\000m\000b\000r\000e}{section.Alph14.1}% 217
\BOOKMARK [2][-]{subsection.Alph14.1.2}{\376\377\000T\000a\000m\000b\000i\000e\000n\000\040\000c\000o\000n\000o\000c\000i\000d\000o\000\040\000c\000o\000m\000o}{section.Alph14.1}% 218
\BOOKMARK [2][-]{subsection.Alph14.1.3}{\376\377\000F\000r\000e\000c\000u\000e\000n\000t\000e\000m\000e\000n\000t\000e\000\040\000e\000x\000p\000u\000e\000s\000t\000o\000\040\000e\000n\000\040\000l\000a\000\040\000e\000t\000a\000p\000a\000\040\000d\000e\000l\000\040\000S\000D\000L\000C}{section.Alph14.1}% 219
\BOOKMARK [2][-]{subsection.Alph14.1.4}{\376\377\000M\000a\000p\000e\000o\000\040\000c\000o\000n\000\040\000C\000W\000E}{section.Alph14.1}% 220
\BOOKMARK [2][-]{subsection.Alph14.1.5}{\376\377\000E\000j\000e\000m\000p\000l\000o\000s\000\040\000d\000e\000\040\000C\000V\000E}{section.Alph14.1}% 221
\BOOKMARK [2][-]{subsection.Alph14.1.6}{\376\377\000E\000j\000e\000m\000p\000l\000o\000\040\000d\000e\000\040\000a\000n\000t\000i\000p\000a\000t\000r\000\363\000n}{section.Alph14.1}% 222
\BOOKMARK [2][-]{subsection.Alph14.1.7}{\376\377\000F\000u\000e\000r\000z\000a\000s\000\040\000d\000e\000s\000b\000a\000l\000a\000n\000c\000e\000a\000d\000a\000s}{section.Alph14.1}% 223
\BOOKMARK [2][-]{subsection.Alph14.1.8}{\376\377\000A\000t\000t\000a\000c\000k\000\040\000p\000a\000t\000t\000e\000r\000n}{section.Alph14.1}% 224
\BOOKMARK [2][-]{subsection.Alph14.1.9}{\376\377\000P\000r\000o\000b\000l\000e\000m\000a}{section.Alph14.1}% 225
\BOOKMARK [2][-]{subsection.Alph14.1.10}{\376\377\000C\000o\000n\000s\000e\000c\000u\000e\000n\000c\000i\000a\000s}{section.Alph14.1}% 226
\BOOKMARK [1][-]{section.Alph14.2}{\376\377\000P\000a\000t\000r\000\363\000n}{appendix.Alph14}% 227
\BOOKMARK [2][-]{subsection.Alph14.2.1}{\376\377\000S\000o\000l\000u\000c\000i\000\363\000n\000\040\000e\000n\000\040\000e\000l\000\040\000S\000D\000L\000C}{section.Alph14.2}% 228
\BOOKMARK [2][-]{subsection.Alph14.2.2}{\376\377\000E\000j\000e\000m\000p\000l\000o\000\040\000d\000e\000\040\000s\000o\000l\000u\000c\000i\000\363\000n}{section.Alph14.2}% 229
\BOOKMARK [2][-]{subsection.Alph14.2.3}{\376\377\000R\000e\000l\000a\000t\000e\000d\000\040\000p\000a\000t\000t\000e\000r\000n\000s}{section.Alph14.2}% 230
\BOOKMARK [0][-]{appendix.Alph15}{\376\377\000A\000r\000b\000i\000t\000r\000a\000r\000y\000\040\000F\000i\000l\000e\000\040\000U\000p\000l\000o\000a\000d}{}% 231
\BOOKMARK [1][-]{section.Alph15.1}{\376\377\000A\000n\000t\000i\000p\000a\000t\000r\000\363\000n}{appendix.Alph15}% 232
\BOOKMARK [2][-]{subsection.Alph15.1.1}{\376\377\000N\000o\000m\000b\000r\000e}{section.Alph15.1}% 233
\BOOKMARK [2][-]{subsection.Alph15.1.2}{\376\377\000T\000a\000m\000b\000i\000e\000n\000\040\000c\000o\000n\000o\000c\000i\000d\000o\000\040\000c\000o\000m\000o}{section.Alph15.1}% 234
\BOOKMARK [2][-]{subsection.Alph15.1.3}{\376\377\000F\000r\000e\000c\000u\000e\000n\000t\000e\000m\000e\000n\000t\000e\000\040\000e\000x\000p\000u\000e\000s\000t\000o\000\040\000e\000n\000\040\000l\000a\000\040\000e\000t\000a\000p\000a\000\040\000d\000e\000l\000\040\000S\000D\000L\000C}{section.Alph15.1}% 235
\BOOKMARK [2][-]{subsection.Alph15.1.4}{\376\377\000M\000a\000p\000e\000o\000\040\000c\000o\000n\000\040\000C\000W\000E}{section.Alph15.1}% 236
\BOOKMARK [2][-]{subsection.Alph15.1.5}{\376\377\000E\000j\000e\000m\000p\000l\000o\000s\000\040\000d\000e\000\040\000C\000V\000E}{section.Alph15.1}% 237
\BOOKMARK [2][-]{subsection.Alph15.1.6}{\376\377\000E\000j\000e\000m\000p\000l\000o\000\040\000d\000e\000\040\000a\000n\000t\000i\000p\000a\000t\000r\000\363\000n}{section.Alph15.1}% 238
\BOOKMARK [2][-]{subsection.Alph15.1.7}{\376\377\000F\000u\000e\000r\000z\000a\000s\000\040\000d\000e\000s\000b\000a\000l\000a\000n\000c\000e\000a\000d\000a\000s}{section.Alph15.1}% 239
\BOOKMARK [2][-]{subsection.Alph15.1.8}{\376\377\000A\000t\000t\000a\000c\000k\000\040\000p\000a\000t\000t\000e\000r\000n}{section.Alph15.1}% 240
\BOOKMARK [2][-]{subsection.Alph15.1.9}{\376\377\000P\000r\000o\000b\000l\000e\000m\000a}{section.Alph15.1}% 241
\BOOKMARK [2][-]{subsection.Alph15.1.10}{\376\377\000C\000o\000n\000s\000e\000c\000u\000e\000n\000c\000i\000a\000s}{section.Alph15.1}% 242
\BOOKMARK [1][-]{section.Alph15.2}{\376\377\000P\000a\000t\000r\000\363\000n}{appendix.Alph15}% 243
\BOOKMARK [2][-]{subsection.Alph15.2.1}{\376\377\000S\000o\000l\000u\000c\000i\000\363\000n\000\040\000e\000n\000\040\000e\000l\000\040\000S\000D\000L\000C}{section.Alph15.2}% 244
\BOOKMARK [2][-]{subsection.Alph15.2.2}{\376\377\000E\000j\000e\000m\000p\000l\000o\000\040\000d\000e\000\040\000s\000o\000l\000u\000c\000i\000\363\000n}{section.Alph15.2}% 245
\BOOKMARK [2][-]{subsection.Alph15.2.3}{\376\377\000R\000e\000l\000a\000t\000e\000d\000\040\000p\000a\000t\000t\000e\000r\000n\000s}{section.Alph15.2}% 246
\BOOKMARK [0][-]{appendix.Alph16}{\376\377\000A\000r\000b\000i\000t\000r\000a\000r\000y\000\040\000F\000i\000l\000e\000\040\000D\000o\000w\000n\000l\000o\000a\000d}{}% 247
\BOOKMARK [1][-]{section.Alph16.1}{\376\377\000A\000n\000t\000i\000p\000a\000t\000r\000\363\000n}{appendix.Alph16}% 248
\BOOKMARK [2][-]{subsection.Alph16.1.1}{\376\377\000N\000o\000m\000b\000r\000e}{section.Alph16.1}% 249
\BOOKMARK [2][-]{subsection.Alph16.1.2}{\376\377\000T\000a\000m\000b\000i\000e\000n\000\040\000c\000o\000n\000o\000c\000i\000d\000o\000\040\000c\000o\000m\000o}{section.Alph16.1}% 250
\BOOKMARK [2][-]{subsection.Alph16.1.3}{\376\377\000F\000r\000e\000c\000u\000e\000n\000t\000e\000m\000e\000n\000t\000e\000\040\000e\000x\000p\000u\000e\000s\000t\000o\000\040\000e\000n\000\040\000l\000a\000\040\000e\000t\000a\000p\000a\000\040\000d\000e\000l\000\040\000S\000D\000L\000C}{section.Alph16.1}% 251
\BOOKMARK [2][-]{subsection.Alph16.1.4}{\376\377\000M\000a\000p\000e\000o\000\040\000c\000o\000n\000\040\000C\000W\000E}{section.Alph16.1}% 252
\BOOKMARK [2][-]{subsection.Alph16.1.5}{\376\377\000E\000j\000e\000m\000p\000l\000o\000s\000\040\000d\000e\000\040\000C\000V\000E}{section.Alph16.1}% 253
\BOOKMARK [2][-]{subsection.Alph16.1.6}{\376\377\000E\000j\000e\000m\000p\000l\000o\000\040\000d\000e\000\040\000a\000n\000t\000i\000p\000a\000t\000r\000\363\000n}{section.Alph16.1}% 254
\BOOKMARK [2][-]{subsection.Alph16.1.7}{\376\377\000F\000u\000e\000r\000z\000a\000s\000\040\000d\000e\000s\000b\000a\000l\000a\000n\000c\000e\000a\000d\000a\000s}{section.Alph16.1}% 255
\BOOKMARK [2][-]{subsection.Alph16.1.8}{\376\377\000A\000t\000t\000a\000c\000k\000\040\000p\000a\000t\000t\000e\000r\000n}{section.Alph16.1}% 256
\BOOKMARK [2][-]{subsection.Alph16.1.9}{\376\377\000P\000r\000o\000b\000l\000e\000m\000a}{section.Alph16.1}% 257
\BOOKMARK [2][-]{subsection.Alph16.1.10}{\376\377\000C\000o\000n\000s\000e\000c\000u\000e\000n\000c\000i\000a\000s}{section.Alph16.1}% 258
\BOOKMARK [1][-]{section.Alph16.2}{\376\377\000P\000a\000t\000r\000\363\000n}{appendix.Alph16}% 259
\BOOKMARK [2][-]{subsection.Alph16.2.1}{\376\377\000S\000o\000l\000u\000c\000i\000\363\000n\000\040\000e\000n\000\040\000e\000l\000\040\000S\000D\000L\000C}{section.Alph16.2}% 260
\BOOKMARK [2][-]{subsection.Alph16.2.2}{\376\377\000E\000j\000e\000m\000p\000l\000o\000\040\000d\000e\000\040\000s\000o\000l\000u\000c\000i\000\363\000n}{section.Alph16.2}% 261
\BOOKMARK [2][-]{subsection.Alph16.2.3}{\376\377\000R\000e\000l\000a\000t\000e\000d\000\040\000p\000a\000t\000t\000e\000r\000n\000s}{section.Alph16.2}% 262
\BOOKMARK [0][-]{appendix.Alph17}{\376\377\000A\000r\000b\000i\000t\000r\000a\000r\000y\000\040\000F\000i\000l\000e\000\040\000D\000e\000l\000e\000t\000i\000o\000n}{}% 263
\BOOKMARK [1][-]{section.Alph17.1}{\376\377\000A\000n\000t\000i\000p\000a\000t\000r\000\363\000n}{appendix.Alph17}% 264
\BOOKMARK [2][-]{subsection.Alph17.1.1}{\376\377\000N\000o\000m\000b\000r\000e}{section.Alph17.1}% 265
\BOOKMARK [2][-]{subsection.Alph17.1.2}{\376\377\000T\000a\000m\000b\000i\000e\000n\000\040\000c\000o\000n\000o\000c\000i\000d\000o\000\040\000c\000o\000m\000o}{section.Alph17.1}% 266
\BOOKMARK [2][-]{subsection.Alph17.1.3}{\376\377\000F\000r\000e\000c\000u\000e\000n\000t\000e\000m\000e\000n\000t\000e\000\040\000e\000x\000p\000u\000e\000s\000t\000o\000\040\000e\000n\000\040\000l\000a\000\040\000e\000t\000a\000p\000a\000\040\000d\000e\000l\000\040\000S\000D\000L\000C}{section.Alph17.1}% 267
\BOOKMARK [2][-]{subsection.Alph17.1.4}{\376\377\000M\000a\000p\000e\000o\000\040\000c\000o\000n\000\040\000C\000W\000E}{section.Alph17.1}% 268
\BOOKMARK [2][-]{subsection.Alph17.1.5}{\376\377\000E\000j\000e\000m\000p\000l\000o\000s\000\040\000d\000e\000\040\000C\000V\000E}{section.Alph17.1}% 269
\BOOKMARK [2][-]{subsection.Alph17.1.6}{\376\377\000E\000j\000e\000m\000p\000l\000o\000\040\000d\000e\000\040\000a\000n\000t\000i\000p\000a\000t\000r\000\363\000n}{section.Alph17.1}% 270
\BOOKMARK [2][-]{subsection.Alph17.1.7}{\376\377\000F\000u\000e\000r\000z\000a\000s\000\040\000d\000e\000s\000b\000a\000l\000a\000n\000c\000e\000a\000d\000a\000s}{section.Alph17.1}% 271
\BOOKMARK [2][-]{subsection.Alph17.1.8}{\376\377\000A\000t\000t\000a\000c\000k\000\040\000p\000a\000t\000t\000e\000r\000n}{section.Alph17.1}% 272
\BOOKMARK [2][-]{subsection.Alph17.1.9}{\376\377\000P\000r\000o\000b\000l\000e\000m\000a}{section.Alph17.1}% 273
\BOOKMARK [2][-]{subsection.Alph17.1.10}{\376\377\000C\000o\000n\000s\000e\000c\000u\000e\000n\000c\000i\000a\000s}{section.Alph17.1}% 274
\BOOKMARK [1][-]{section.Alph17.2}{\376\377\000P\000a\000t\000r\000\363\000n}{appendix.Alph17}% 275
\BOOKMARK [2][-]{subsection.Alph17.2.1}{\376\377\000S\000o\000l\000u\000c\000i\000\363\000n\000\040\000e\000n\000\040\000e\000l\000\040\000S\000D\000L\000C}{section.Alph17.2}% 276
\BOOKMARK [2][-]{subsection.Alph17.2.2}{\376\377\000E\000j\000e\000m\000p\000l\000o\000\040\000d\000e\000\040\000s\000o\000l\000u\000c\000i\000\363\000n}{section.Alph17.2}% 277
\BOOKMARK [2][-]{subsection.Alph17.2.3}{\376\377\000R\000e\000l\000a\000t\000e\000d\000\040\000p\000a\000t\000t\000e\000r\000n\000s}{section.Alph17.2}% 278
\BOOKMARK [0][-]{appendix.Alph18}{\376\377\000P\000H\000P\000\040\000O\000b\000j\000e\000c\000t\000\040\000I\000n\000j\000e\000c\000t\000i\000o\000n}{}% 279
\BOOKMARK [1][-]{section.Alph18.1}{\376\377\000A\000n\000t\000i\000p\000a\000t\000r\000\363\000n}{appendix.Alph18}% 280
\BOOKMARK [2][-]{subsection.Alph18.1.1}{\376\377\000N\000o\000m\000b\000r\000e}{section.Alph18.1}% 281
\BOOKMARK [2][-]{subsection.Alph18.1.2}{\376\377\000T\000a\000m\000b\000i\000e\000n\000\040\000c\000o\000n\000o\000c\000i\000d\000o\000\040\000c\000o\000m\000o}{section.Alph18.1}% 282
\BOOKMARK [2][-]{subsection.Alph18.1.3}{\376\377\000F\000r\000e\000c\000u\000e\000n\000t\000e\000m\000e\000n\000t\000e\000\040\000e\000x\000p\000u\000e\000s\000t\000o\000\040\000e\000n\000\040\000l\000a\000\040\000e\000t\000a\000p\000a\000\040\000d\000e\000l\000\040\000S\000D\000L\000C}{section.Alph18.1}% 283
\BOOKMARK [2][-]{subsection.Alph18.1.4}{\376\377\000M\000a\000p\000e\000o\000\040\000c\000o\000n\000\040\000C\000W\000E}{section.Alph18.1}% 284
\BOOKMARK [2][-]{subsection.Alph18.1.5}{\376\377\000E\000j\000e\000m\000p\000l\000o\000s\000\040\000d\000e\000\040\000C\000V\000E}{section.Alph18.1}% 285
\BOOKMARK [2][-]{subsection.Alph18.1.6}{\376\377\000E\000j\000e\000m\000p\000l\000o\000\040\000d\000e\000\040\000a\000n\000t\000i\000p\000a\000t\000r\000\363\000n}{section.Alph18.1}% 286
\BOOKMARK [2][-]{subsection.Alph18.1.7}{\376\377\000F\000u\000e\000r\000z\000a\000s\000\040\000d\000e\000s\000b\000a\000l\000a\000n\000c\000e\000a\000d\000a\000s}{section.Alph18.1}% 287
\BOOKMARK [2][-]{subsection.Alph18.1.8}{\376\377\000A\000t\000t\000a\000c\000k\000\040\000p\000a\000t\000t\000e\000r\000n}{section.Alph18.1}% 288
\BOOKMARK [2][-]{subsection.Alph18.1.9}{\376\377\000P\000r\000o\000b\000l\000e\000m\000a}{section.Alph18.1}% 289
\BOOKMARK [2][-]{subsection.Alph18.1.10}{\376\377\000C\000o\000n\000s\000e\000c\000u\000e\000n\000c\000i\000a\000s}{section.Alph18.1}% 290
\BOOKMARK [1][-]{section.Alph18.2}{\376\377\000P\000a\000t\000r\000\363\000n}{appendix.Alph18}% 291
\BOOKMARK [2][-]{subsection.Alph18.2.1}{\376\377\000S\000o\000l\000u\000c\000i\000\363\000n\000\040\000e\000n\000\040\000e\000l\000\040\000S\000D\000L\000C}{section.Alph18.2}% 292
\BOOKMARK [2][-]{subsection.Alph18.2.2}{\376\377\000E\000j\000e\000m\000p\000l\000o\000\040\000d\000e\000\040\000s\000o\000l\000u\000c\000i\000\363\000n}{section.Alph18.2}% 293
\BOOKMARK [2][-]{subsection.Alph18.2.3}{\376\377\000R\000e\000l\000a\000t\000e\000d\000\040\000p\000a\000t\000t\000e\000r\000n\000s}{section.Alph18.2}% 294
